<?xml version="1.0" encoding="UTF-8"?>
<!-- Generated by org.testng.reporters.JUnitReportReporter -->
<testsuite hostname="Vinothini-PC" name="com.bluemeric.test.GenerateTest" tests="3" failures="0" timestamp="31 Mar 2016 02:01:49 GMT" time="0.110" errors="1">
  <testcase name="getTest" time="0.010" classname="com.bluemeric.test.GenerateTest"/>
  <testcase name="getTest" time="0.010" classname="com.bluemeric.test.GenerateTest"/>
  <testcase name="getTest" time="0.090" classname="com.bluemeric.test.GenerateTest">
    <error type="java.lang.AssertionError" message="Expected response is Hello World. But received reponse = Hello World1. Output mismatching. Hence failing the test.">
      <![CDATA[java.lang.AssertionError: Expected response is Hello World. But received reponse = Hello World1. Output mismatching. Hence failing the test.
	at org.testng.Assert.fail(Assert.java:89)
	at com.bluemeric.test.GenerateTest.getTest(GenerateTest.java:53)
	at sun.reflect.NativeMethodAccessorImpl.invoke0(Native Method)
	at sun.reflect.NativeMethodAccessorImpl.invoke(Unknown Source)
	at sun.reflect.DelegatingMethodAccessorImpl.invoke(Unknown Source)
	at java.lang.reflect.Method.invoke(Unknown Source)
	at org.testng.internal.MethodInvocationHelper.invokeMethod(MethodInvocationHelper.java:80)
	at org.testng.internal.Invoker.invokeMethod(Invoker.java:702)
	at org.testng.internal.Invoker.invokeTestMethod(Invoker.java:894)
	at org.testng.internal.Invoker.invokeTestMethods(Invoker.java:1219)
	at org.testng.internal.TestMethodWorker.invokeTestMethods(TestMethodWorker.java:127)
	at org.testng.internal.TestMethodWorker.run(TestMethodWorker.java:111)
	at org.testng.TestRunner.privateRun(TestRunner.java:768)
	at org.testng.TestRunner.run(TestRunner.java:617)
	at org.testng.SuiteRunner.runTest(SuiteRunner.java:334)
	at org.testng.SuiteRunner.runSequentially(SuiteRunner.java:329)
	at org.testng.SuiteRunner.privateRun(SuiteRunner.java:291)
	at org.testng.SuiteRunner.run(SuiteRunner.java:240)
	at org.testng.SuiteRunnerWorker.runSuite(SuiteRunnerWorker.java:53)
	at org.testng.SuiteRunnerWorker.run(SuiteRunnerWorker.java:87)
	at org.testng.TestNG.runSuitesSequentially(TestNG.java:1188)
	at org.testng.TestNG.runSuitesLocally(TestNG.java:1113)
	at org.testng.TestNG.run(TestNG.java:1025)
	at com.bluemeric.test.RunTest.runTests(RunTest.java:50)
	at com.bluemeric.test.RunTest.main(RunTest.java:86)
]]>
    </error>
  </testcase> <!-- getTest -->
</testsuite> <!-- com.bluemeric.test.GenerateTest -->
